
> portfolio@0.1.0 build
> next build

  Γû▓ Next.js 14.2.35

   Creating an optimized production build ...
<w> [webpack.cache.PackFileCacheStrategy] Skipped not serializable cache item 'Compilation/modules|C:\Users\yanak\Desktop\UI.Learning\PF 2\portfolio\node_modules\next\dist\build\webpack\loaders\css-loader\src\index.js??ruleSet[1].rules[14].oneOf[12].use[2]!C:\Users\yanak\Desktop\UI.Learning\PF 2\portfolio\node_modules\next\dist\build\webpack\loaders\postcss-loader\src\index.js??ruleSet[1].rules[14].oneOf[12].use[3]!C:\Users\yanak\Desktop\UI.Learning\PF 2\portfolio\src\app\globals.css': No serializer registered for PostCSSSyntaxError
<w> while serializing webpack/lib/cache/PackFileCacheStrategy.PackContentItems -> webpack/lib/NormalModule -> webpack/lib/ModuleBuildError -> PostCSSSyntaxError
Failed to compile.

./src/app/globals.css:18:3
Syntax error: C:\Users\yanak\Desktop\UI.Learning\PF 2\portfolio\src\app\globals.css Unknown word

  16 |   font-family: var(--font-inter), sans-serif;
  17 |   overflow-x: hidden;
> 18 |   antialiased;
     |   ^
  19 | }
  20 | 

./src/app/globals.css
Syntax error: C:\Users\yanak\Desktop\UI.Learning\PF 2\portfolio\src\app\globals.css Unknown word (18:3)

  16 |   font-family: var(--font-inter), sans-serif;
  17 |   overflow-x: hidden;
> 18 |   antialiased;
     |   ^
  19 | }
  20 | 

    at tryRunOrWebpackError (C:\Users\yanak\Desktop\UI.Learning\PF 2\portfolio\node_modules\next\dist\compiled\webpack\bundle5.js:28:312989)
    at __webpack_require_module__ (C:\Users\yanak\Desktop\UI.Learning\PF 2\portfolio\node_modules\next\dist\compiled\webpack\bundle5.js:28:131165)
    at __nested_webpack_require_153728__ (C:\Users\yanak\Desktop\UI.Learning\PF 2\portfolio\node_modules\next\dist\compiled\webpack\bundle5.js:28:130607)
    at C:\Users\yanak\Desktop\UI.Learning\PF 2\portfolio\node_modules\next\dist\compiled\webpack\bundle5.js:28:131454
    at symbolIterator (C:\Users\yanak\Desktop\UI.Learning\PF 2\portfolio\node_modules\next\dist\compiled\neo-async\async.js:1:14444)
    at done (C:\Users\yanak\Desktop\UI.Learning\PF 2\portfolio\node_modules\next\dist\compiled\neo-async\async.js:1:14824)
    at Hook.eval [as callAsync] (eval at create (C:\Users\yanak\Desktop\UI.Learning\PF 2\portfolio\node_modules\next\dist\compiled\webpack\bundle5.js:13:28858), <anonymous>:15:1)
    at Hook.CALL_ASYNC_DELEGATE [as _callAsync] (C:\Users\yanak\Desktop\UI.Learning\PF 2\portfolio\node_modules\next\dist\compiled\webpack\bundle5.js:13:26012)
    at C:\Users\yanak\Desktop\UI.Learning\PF 2\portfolio\node_modules\next\dist\compiled\webpack\bundle5.js:28:130328
    at symbolIterator (C:\Users\yanak\Desktop\UI.Learning\PF 2\portfolio\node_modules\next\dist\compiled\neo-async\async.js:1:14402)
-- inner error --
Syntax error: C:\Users\yanak\Desktop\UI.Learning\PF 2\portfolio\src\app\globals.css Unknown word (18:3)

  16 |   font-family: var(--font-inter), sans-serif;
  17 |   overflow-x: hidden;
> 18 |   antialiased;
     |   ^
  19 | }
  20 | 

    at Object.<anonymous> (C:\Users\yanak\Desktop\UI.Learning\PF 2\portfolio\node_modules\next\dist\build\webpack\loaders\css-loader\src\index.js??ruleSet[1].rules[14].oneOf[12].use[2]!C:\Users\yanak\Desktop\UI.Learning\PF 2\portfolio\node_modules\next\dist\build\webpack\loaders\postcss-loader\src\index.js??ruleSet[1].rules[14].oneOf[12].use[3]!C:\Users\yanak\Desktop\UI.Learning\PF 2\portfolio\src\app\globals.css:1:7)
    at C:\Users\yanak\Desktop\UI.Learning\PF 2\portfolio\node_modules\next\dist\compiled\webpack\bundle5.js:28:922493
    at Hook.eval [as call] (eval at create (C:\Users\yanak\Desktop\UI.Learning\PF 2\portfolio\node_modules\next\dist\compiled\webpack\bundle5.js:13:28636), <anonymous>:7:1)
    at Hook.CALL_DELEGATE [as _call] (C:\Users\yanak\Desktop\UI.Learning\PF 2\portfolio\node_modules\next\dist\compiled\webpack\bundle5.js:13:25906)
    at C:\Users\yanak\Desktop\UI.Learning\PF 2\portfolio\node_modules\next\dist\compiled\webpack\bundle5.js:28:131198
    at tryRunOrWebpackError (C:\Users\yanak\Desktop\UI.Learning\PF 2\portfolio\node_modules\next\dist\compiled\webpack\bundle5.js:28:312943)
    at __webpack_require_module__ (C:\Users\yanak\Desktop\UI.Learning\PF 2\portfolio\node_modules\next\dist\compiled\webpack\bundle5.js:28:131165)
    at __nested_webpack_require_153728__ (C:\Users\yanak\Desktop\UI.Learning\PF 2\portfolio\node_modules\next\dist\compiled\webpack\bundle5.js:28:130607)
    at C:\Users\yanak\Desktop\UI.Learning\PF 2\portfolio\node_modules\next\dist\compiled\webpack\bundle5.js:28:131454
    at symbolIterator (C:\Users\yanak\Desktop\UI.Learning\PF 2\portfolio\node_modules\next\dist\compiled\neo-async\async.js:1:14444)

Generated code for C:\Users\yanak\Desktop\UI.Learning\PF 2\portfolio\node_modules\next\dist\build\webpack\loaders\css-loader\src\index.js??ruleSet[1].rules[14].oneOf[12].use[2]!C:\Users\yanak\Desktop\UI.Learning\PF 2\portfolio\node_modules\next\dist\build\webpack\loaders\postcss-loader\src\index.js??ruleSet[1].rules[14].oneOf[12].use[3]!C:\Users\yanak\Desktop\UI.Learning\PF 2\portfolio\src\app\globals.css

Import trace for requested module:
./src/app/globals.css


> Build failed because of webpack errors
